<?xml version="1.0" encoding="UTF-8"?>
<!-- Generated by org.testng.reporters.JUnitReportReporter -->
<testsuite hostname="THIPPESH-PC" name="seleniumgrid1.ParallelTestC" tests="1" failures="0" timestamp="9 Jun 2016 17:35:44 GMT" time="27.168" errors="0">
  <testcase name="testGooglePageTitleInIE" time="27.168" classname="seleniumgrid1.ParallelTestC"/>
</testsuite> <!-- seleniumgrid1.ParallelTestC -->
