<?xml version="1.0" encoding="UTF-8"?>
<!-- Generated by org.testng.reporters.JUnitReportReporter -->
<testsuite hostname="THIPPESH-PC" name="seleniumgrid1.ParallelTestA" tests="1" failures="0" timestamp="9 Jun 2016 17:35:44 GMT" time="28.437" errors="0">
  <testcase name="testGooglePageTitleInFirefox" time="28.437" classname="seleniumgrid1.ParallelTestA"/>
</testsuite> <!-- seleniumgrid1.ParallelTestA -->
