<?xml version="1.0" encoding="UTF-8"?>
<!-- Generated by org.testng.reporters.JUnitReportReporter -->
<testsuite hostname="THIPPESH-PC" name="seleniumgrid1.ParallelTestB" tests="1" failures="0" timestamp="9 Jun 2016 17:35:44 GMT" time="38.324" errors="0">
  <testcase name="testGooglePageTitleInChrome" time="38.324" classname="seleniumgrid1.ParallelTestB"/>
</testsuite> <!-- seleniumgrid1.ParallelTestB -->
