<?xml version="1.0" encoding="UTF-8"?>
<!-- Generated by org.testng.reporters.JUnitReportReporter -->
<testsuite hostname="THIPPESH-PC" name="seleniumgrid1.AccessGoogleLanguageLinks" tests="1" failures="0" timestamp="11 Jun 2016 18:11:50 GMT" time="12.785" errors="0">
  <testcase name="accessGoogleLanguageLinks" time="12.785" classname="seleniumgrid1.AccessGoogleLanguageLinks"/>
</testsuite> <!-- seleniumgrid1.AccessGoogleLanguageLinks -->
